<?xml version="1.0" encoding="UTF-8"?>
<!-- Generated by org.testng.reporters.JUnitXMLReporter -->
<testsuite ignored="0" hostname="Sujith" failures="1" tests="1" name="Selenium Practise" time="4.681" errors="0" timestamp="2023-04-02T22:27:21 IST">
  <testcase classname="testCases.Elements" name="elements" time="4.114">
    <failure type="java.lang.AssertionError" message="element click intercepted: Element &amp;lt;button id=&amp;quot;submit&amp;quot; type=&amp;quot;button&amp;quot; class=&amp;quot;btn btn-primary&amp;quot;&amp;gt;...&amp;lt;/button&amp;gt; is not clickable at point (1078, 682). Other element would receive the click: &amp;lt;iframe frameborder=&amp;quot;0&amp;quot; src=&amp;quot;https://a4860a474e80d104fb1fa25254f0b7f5.safeframe.googlesyndication.com/safeframe/1-0-40/html/container.html&amp;quot; id=&amp;quot;google_ads_iframe_/21849154601,22343295815/Ad.Plus-Anchor_0&amp;quot; title=&amp;quot;3rd party ad content&amp;quot; name=&amp;quot;&amp;quot; scrolling=&amp;quot;no&amp;quot; marginwidth=&amp;quot;0&amp;quot; marginheight=&amp;quot;0&amp;quot; width=&amp;quot;970&amp;quot; height=&amp;quot;90&amp;quot; data-is-safeframe=&amp;quot;true&amp;quot; sandbox=&amp;quot;allow-forms allow-popups allow-popups-to-escape-sandbox allow-same-origin allow-scripts allow-top-navigation-by-user-activation&amp;quot; role=&amp;quot;region&amp;quot; aria-label=&amp;quot;Advertisement&amp;quot; tabindex=&amp;quot;0&amp;quot; data-google-container-id=&amp;quot;1&amp;quot; style=&amp;quot;border: 0px; vertical-align: bottom;&amp;quot; data-load-complete=&amp;quot;true&amp;quot;&amp;gt;&amp;lt;/iframe&amp;gt;
  (Session info: chrome=111.0.5563.147)
Build info: version: &amp;apos;4.8.1&amp;apos;, revision: &amp;apos;8ebccac989&amp;apos;
System info: os.name: &amp;apos;Windows 11&amp;apos;, os.arch: &amp;apos;amd64&amp;apos;, os.version: &amp;apos;10.0&amp;apos;, java.version: &amp;apos;17.0.2&amp;apos;
Driver info: org.openqa.selenium.chrome.ChromeDriver
Command: [59faa0f461f722a178627628218fd1e5, clickElement {id=ada5774a-1c17-41e4-a3a0-2bf363e4dfb4}]
Capabilities {acceptInsecureCerts: false, browserName: chrome, browserVersion: 111.0.5563.147, chrome: {chromedriverVersion: 111.0.5563.64 (c710e93d5b63..., userDataDir: C:\Users\user\AppData\Local...}, goog:chromeOptions: {debuggerAddress: localhost:51450}, networkConnectionEnabled: false, pageLoadStrategy: normal, platformName: WINDOWS, proxy: Proxy(), se:cdp: ws://localhost:51450/devtoo..., se:cdpVersion: 111.0.5563.147, setWindowRect: true, strictFileInteractability: false, timeouts: {implicit: 0, pageLoad: 300000, script: 30000}, unhandledPromptBehavior: dismiss and notify, webauthn:extension:credBlob: true, webauthn:extension:largeBlob: true, webauthn:extension:minPinLength: true, webauthn:extension:prf: true, webauthn:virtualAuthenticators: true}
Element: [[ChromeDriver: chrome on WINDOWS (59faa0f461f722a178627628218fd1e5)] -&amp;gt; xpath: //button[@id=&amp;apos;submit&amp;apos;]]
Session ID: 59faa0f461f722a178627628218fd1e5">
      <![CDATA[java.lang.AssertionError: element click intercepted: Element <button id="submit" type="button" class="btn btn-primary">...</button> is not clickable at point (1078, 682). Other element would receive the click: <iframe frameborder="0" src="https://a4860a474e80d104fb1fa25254f0b7f5.safeframe.googlesyndication.com/safeframe/1-0-40/html/container.html" id="google_ads_iframe_/21849154601,22343295815/Ad.Plus-Anchor_0" title="3rd party ad content" name="" scrolling="no" marginwidth="0" marginheight="0" width="970" height="90" data-is-safeframe="true" sandbox="allow-forms allow-popups allow-popups-to-escape-sandbox allow-same-origin allow-scripts allow-top-navigation-by-user-activation" role="region" aria-label="Advertisement" tabindex="0" data-google-container-id="1" style="border: 0px; vertical-align: bottom;" data-load-complete="true"></iframe>
  (Session info: chrome=111.0.5563.147)
Build info: version: '4.8.1', revision: '8ebccac989'
System info: os.name: 'Windows 11', os.arch: 'amd64', os.version: '10.0', java.version: '17.0.2'
Driver info: org.openqa.selenium.chrome.ChromeDriver
Command: [59faa0f461f722a178627628218fd1e5, clickElement {id=ada5774a-1c17-41e4-a3a0-2bf363e4dfb4}]
Capabilities {acceptInsecureCerts: false, browserName: chrome, browserVersion: 111.0.5563.147, chrome: {chromedriverVersion: 111.0.5563.64 (c710e93d5b63..., userDataDir: C:\Users\user\AppData\Local...}, goog:chromeOptions: {debuggerAddress: localhost:51450}, networkConnectionEnabled: false, pageLoadStrategy: normal, platformName: WINDOWS, proxy: Proxy(), se:cdp: ws://localhost:51450/devtoo..., se:cdpVersion: 111.0.5563.147, setWindowRect: true, strictFileInteractability: false, timeouts: {implicit: 0, pageLoad: 300000, script: 30000}, unhandledPromptBehavior: dismiss and notify, webauthn:extension:credBlob: true, webauthn:extension:largeBlob: true, webauthn:extension:minPinLength: true, webauthn:extension:prf: true, webauthn:virtualAuthenticators: true}
Element: [[ChromeDriver: chrome on WINDOWS (59faa0f461f722a178627628218fd1e5)] -> xpath: //button[@id='submit']]
Session ID: 59faa0f461f722a178627628218fd1e5
at base.BaseTest.click(BaseTest.java:69)
at testCases.Elements.elements(Elements.java:17)
at java.base/java.util.ArrayList.forEach(ArrayList.java:1511)
... Removed 28 stack frames]]>
    </failure>
  </testcase> <!-- elements -->
</testsuite> <!-- Selenium Practise -->
